<?xml version="1.0" encoding="UTF-8"?>
<testng-results ignored="2" total="3" passed="0" failed="1" skipped="0">
  <reporter-output>
  </reporter-output>
  <suite started-at="2025-07-10T21:34:33 IST" name="All Test Suite" finished-at="2025-07-10T21:34:33 IST" duration-ms="161">
    <groups>
      <group name="smoke">
        <method signature="Selenium4Features.objectLocation()[pri:0, instance:org.example.Automation.selenium4.Selenium4Features@1f0f1111]" name="objectLocation" class="org.example.Automation.selenium4.Selenium4Features"/>
      </group> <!-- smoke -->
      <group name="sanity">
        <method signature="Selenium4Features.objectLocation()[pri:0, instance:org.example.Automation.selenium4.Selenium4Features@1f0f1111]" name="objectLocation" class="org.example.Automation.selenium4.Selenium4Features"/>
      </group> <!-- sanity -->
    </groups>
    <test started-at="2025-07-10T21:34:33 IST" name="C:/Users/UX507801/Documents/L2/SeleniumPractice/src/main/java/org/example/Automation/FlipkartFilterEx.java" finished-at="2025-07-10T21:34:33 IST" duration-ms="161">
      <class name="org.example.Automation.selenium4.Selenium4Features">
        <test-method signature="objectLocation()[pri:0, instance:org.example.Automation.selenium4.Selenium4Features@1f0f1111]" started-at="2025-07-10T21:34:33 IST" name="objectLocation" finished-at="2025-07-10T21:34:33 IST" duration-ms="26" status="FAIL">
          <exception class="java.lang.NullPointerException">
            <message>
              <![CDATA[Cannot invoke "org.openqa.selenium.WebDriver.findElement(org.openqa.selenium.By)" because "this.driver" is null]]>
            </message>
            <full-stacktrace>
              <![CDATA[java.lang.NullPointerException: Cannot invoke "org.openqa.selenium.WebDriver.findElement(org.openqa.selenium.By)" because "this.driver" is null
at org.example.Automation.selenium4.Selenium4Features.objectLocation(Selenium4Features.java:60)
at java.base/jdk.internal.reflect.DirectMethodHandleAccessor.invoke(DirectMethodHandleAccessor.java:103)
at java.base/java.lang.reflect.Method.invoke(Method.java:580)
at org.testng.internal.invokers.MethodInvocationHelper.invokeMethod(MethodInvocationHelper.java:141)
at org.testng.internal.invokers.TestInvoker.invokeMethod(TestInvoker.java:687)
at org.testng.internal.invokers.TestInvoker.invokeTestMethod(TestInvoker.java:230)
at org.testng.internal.invokers.MethodRunner.runInSequence(MethodRunner.java:63)
at org.testng.internal.invokers.TestInvoker$MethodInvocationAgent.invoke(TestInvoker.java:995)
at org.testng.internal.invokers.TestInvoker.invokeTestMethods(TestInvoker.java:203)
at org.testng.internal.invokers.TestMethodWorker.invokeTestMethods(TestMethodWorker.java:154)
at org.testng.internal.invokers.TestMethodWorker.run(TestMethodWorker.java:134)
at java.base/java.util.ArrayList.forEach(ArrayList.java:1596)
at org.testng.TestRunner.privateRun(TestRunner.java:741)
at org.testng.TestRunner.run(TestRunner.java:616)
at org.testng.SuiteRunner.runTest(SuiteRunner.java:421)
at org.testng.SuiteRunner.runSequentially(SuiteRunner.java:413)
at org.testng.SuiteRunner.privateRun(SuiteRunner.java:373)
at org.testng.SuiteRunner.run(SuiteRunner.java:312)
at org.testng.SuiteRunnerWorker.runSuite(SuiteRunnerWorker.java:52)
at org.testng.SuiteRunnerWorker.run(SuiteRunnerWorker.java:95)
at org.testng.TestNG.runSuitesSequentially(TestNG.java:1274)
at org.testng.TestNG.runSuitesLocally(TestNG.java:1208)
at org.testng.TestNG.runSuites(TestNG.java:1112)
at org.testng.TestNG.run(TestNG.java:1079)
at org.apache.maven.surefire.testng.TestNGExecutor.run(TestNGExecutor.java:295)
at org.apache.maven.surefire.testng.TestNGXmlTestSuite.execute(TestNGXmlTestSuite.java:84)
at org.apache.maven.surefire.testng.TestNGProvider.invoke(TestNGProvider.java:90)
at org.apache.maven.surefire.booter.ForkedBooter.invokeProviderInSameClassLoader(ForkedBooter.java:203)
at org.apache.maven.surefire.booter.ForkedBooter.runSuitesInProcess(ForkedBooter.java:155)
at org.apache.maven.surefire.booter.ForkedBooter.main(ForkedBooter.java:103)
]]>
            </full-stacktrace>
          </exception> <!-- java.lang.NullPointerException -->
          <reporter-output>
          </reporter-output>
        </test-method> <!-- objectLocation -->
      </class> <!-- org.example.Automation.selenium4.Selenium4Features -->
    </test> <!-- C:/Users/UX507801/Documents/L2/SeleniumPractice/src/main/java/org/example/Automation/FlipkartFilterEx.java -->
  </suite> <!-- All Test Suite -->
</testng-results>
